<?xml version="1.0" encoding="UTF-8"?>
<testsuite name="Mongo.TicTacToeBeanSpec" tests="4" skipped="0" failures="0" errors="0" timestamp="2018-02-18T12:28:08" hostname="LS-PC" time="0.008">
  <properties/>
  <testcase name="whenInstantiatedThenPlayerIsStored" classname="Mongo.TicTacToeBeanSpec" time="0.002"/>
  <testcase name="whenInstantiatedThenYIsStored" classname="Mongo.TicTacToeBeanSpec" time="0.001"/>
  <testcase name="whenInstantiatedThenIdIsStored" classname="Mongo.TicTacToeBeanSpec" time="0.0"/>
  <testcase name="whenInstantiatedThenXIsStored" classname="Mongo.TicTacToeBeanSpec" time="0.0"/>
  <system-out><![CDATA[]]></system-out>
  <system-err><![CDATA[]]></system-err>
</testsuite>
